bmodel version: B.2.2+v1.26.beta.0-129-g403630b88-20260531
chip: BM1684X
create time: Sun May 31 04:17:32 2026

kernel_module name: libbm1684x_kernel_module.so
kernel_module size: 5285920
kernel mode: normal
==========================================
net 0: [vit]  dynamic
------------
stage 0, core num: 1
input: input_states, [max:2304, max:1536], float32, scale: 1, zero_point: 0
input: position_ids, [max:2304, max:2], int32, scale: 1, zero_point: 0
input: pos_idx, [max:2304, max:4], int32, scale: 1, zero_point: 0
input: pos_weight, [max:2304, max:4, max:1], float32, scale: 1, zero_point: 0
output: model.visual.merger.linear_fc2, [576, 2048], bfloat16, scale: 1, zero_point: 0
==========================================
net 1: [embedding]  static
------------
stage 0, core num: 1
input: input_ids, [1, 1024], int32, scale: 1, zero_point: 0
output: embedding, [1, 1024, 2048], bfloat16, scale: 1, zero_point: 0
==========================================
net 2: [block_cache_0]  static
addr mode: 1
------------
stage 0, core num: 1
input: input_states, [1, 1, 2048], bfloat16, scale: 1, zero_point: 0
input: conv_state, [1, 6144, 4], bfloat16, scale: 1, zero_point: 0
input: recurrent_state, [1, 16, 128, 128], bfloat16, scale: 1, zero_point: 0
output: output_states, [1, 1, 2048], bfloat16, scale: 1, zero_point: 0
output: model.language_model.layers.0.linear_attn.conv1d.concat, [1, 6144, 4], bfloat16, scale: 1, zero_point: 0
==========================================
net 3: [block_cache_1]  static
addr mode: 1
------------
stage 0, core num: 1
input: input_states, [1, 1, 2048], bfloat16, scale: 1, zero_point: 0
input: conv_state, [1, 6144, 4], bfloat16, scale: 1, zero_point: 0
input: recurrent_state, [1, 16, 128, 128], bfloat16, scale: 1, zero_point: 0
output: output_states, [1, 1, 2048], bfloat16, scale: 1, zero_point: 0
output: model.language_model.layers.1.linear_attn.conv1d.concat, [1, 6144, 4], bfloat16, scale: 1, zero_point: 0
==========================================
net 4: [block_cache_2]  static
addr mode: 1
------------
stage 0, core num: 1
input: input_states, [1, 1, 2048], bfloat16, scale: 1, zero_point: 0
input: conv_state, [1, 6144, 4], bfloat16, scale: 1, zero_point: 0
input: recurrent_state, [1, 16, 128, 128], bfloat16, scale: 1, zero_point: 0
output: output_states, [1, 1, 2048], bfloat16, scale: 1, zero_point: 0
output: model.language_model.layers.2.linear_attn.conv1d.concat, [1, 6144, 4], bfloat16, scale: 1, zero_point: 0
==========================================
net 5: [block_cache_3]  static
addr mode: 1
------------
stage 0, core num: 1
input: input_states, [1, 1, 2048], bfloat16, scale: 1, zero_point: 0
input: position_ids, [3, 1], int32, scale: 1, zero_point: 0
input: attention_mask, [1, 1, 1, 2049], bfloat16, scale: 1, zero_point: 0
input: history_k, [1, 2048, 2, 256], bfloat16, scale: 1, zero_point: 0
input: history_v, [1, 2048, 2, 256], bfloat16, scale: 1, zero_point: 0
output: output_states, [1, 1, 2048], bfloat16, scale: 1, zero_point: 0
output: k_cache, [1, 1, 2, 256], bfloat16, scale: 1, zero_point: 0
output: v_cache, [1, 1, 2, 256], bfloat16, scale: 1, zero_point: 0
==========================================
net 6: [block_cache_4]  static
addr mode: 1
------------
stage 0, core num: 1
input: input_states, [1, 1, 2048], bfloat16, scale: 1, zero_point: 0
input: conv_state, [1, 6144, 4], bfloat16, scale: 1, zero_point: 0
input: recurrent_state, [1, 16, 128, 128], bfloat16, scale: 1, zero_point: 0
output: output_states, [1, 1, 2048], bfloat16, scale: 1, zero_point: 0
output: model.language_model.layers.4.linear_attn.conv1d.concat, [1, 6144, 4], bfloat16, scale: 1, zero_point: 0
==========================================
net 7: [block_cache_5]  static
addr mode: 1
------------
stage 0, core num: 1
input: input_states, [1, 1, 2048], bfloat16, scale: 1, zero_point: 0
input: conv_state, [1, 6144, 4], bfloat16, scale: 1, zero_point: 0
input: recurrent_state, [1, 16, 128, 128], bfloat16, scale: 1, zero_point: 0
output: output_states, [1, 1, 2048], bfloat16, scale: 1, zero_point: 0
output: model.language_model.layers.5.linear_attn.conv1d.concat, [1, 6144, 4], bfloat16, scale: 1, zero_point: 0
==========================================
net 8: [block_cache_6]  static
addr mode: 1
------------
stage 0, core num: 1
input: input_states, [1, 1, 2048], bfloat16, scale: 1, zero_point: 0
input: conv_state, [1, 6144, 4], bfloat16, scale: 1, zero_point: 0
input: recurrent_state, [1, 16, 128, 128], bfloat16, scale: 1, zero_point: 0
output: output_states, [1, 1, 2048], bfloat16, scale: 1, zero_point: 0
output: model.language_model.layers.6.linear_attn.conv1d.concat, [1, 6144, 4], bfloat16, scale: 1, zero_point: 0
==========================================
net 9: [block_cache_7]  static
addr mode: 1
------------
stage 0, core num: 1
input: input_states, [1, 1, 2048], bfloat16, scale: 1, zero_point: 0
input: position_ids, [3, 1], int32, scale: 1, zero_point: 0
input: attention_mask, [1, 1, 1, 2049], bfloat16, scale: 1, zero_point: 0
input: history_k, [1, 2048, 2, 256], bfloat16, scale: 1, zero_point: 0
input: history_v, [1, 2048, 2, 256], bfloat16, scale: 1, zero_point: 0
output: output_states, [1, 1, 2048], bfloat16, scale: 1, zero_point: 0
output: k_cache, [1, 1, 2, 256], bfloat16, scale: 1, zero_point: 0
output: v_cache, [1, 1, 2, 256], bfloat16, scale: 1, zero_point: 0
==========================================
net 10: [block_cache_8]  static
addr mode: 1
------------
stage 0, core num: 1
input: input_states, [1, 1, 2048], bfloat16, scale: 1, zero_point: 0
input: conv_state, [1, 6144, 4], bfloat16, scale: 1, zero_point: 0
input: recurrent_state, [1, 16, 128, 128], bfloat16, scale: 1, zero_point: 0
output: output_states, [1, 1, 2048], bfloat16, scale: 1, zero_point: 0
output: model.language_model.layers.8.linear_attn.conv1d.concat, [1, 6144, 4], bfloat16, scale: 1, zero_point: 0
==========================================
net 11: [block_cache_9]  static
addr mode: 1
------------
stage 0, core num: 1
input: input_states, [1, 1, 2048], bfloat16, scale: 1, zero_point: 0
input: conv_state, [1, 6144, 4], bfloat16, scale: 1, zero_point: 0
input: recurrent_state, [1, 16, 128, 128], bfloat16, scale: 1, zero_point: 0
output: output_states, [1, 1, 2048], bfloat16, scale: 1, zero_point: 0
output: model.language_model.layers.9.linear_attn.conv1d.concat, [1, 6144, 4], bfloat16, scale: 1, zero_point: 0
==========================================
net 12: [block_cache_10]  static
addr mode: 1
------------
stage 0, core num: 1
input: input_states, [1, 1, 2048], bfloat16, scale: 1, zero_point: 0
input: conv_state, [1, 6144, 4], bfloat16, scale: 1, zero_point: 0
input: recurrent_state, [1, 16, 128, 128], bfloat16, scale: 1, zero_point: 0
output: output_states, [1, 1, 2048], bfloat16, scale: 1, zero_point: 0
output: model.language_model.layers.10.linear_attn.conv1d.concat, [1, 6144, 4], bfloat16, scale: 1, zero_point: 0
==========================================
net 13: [block_cache_11]  static
addr mode: 1
------------
stage 0, core num: 1
input: input_states, [1, 1, 2048], bfloat16, scale: 1, zero_point: 0
input: position_ids, [3, 1], int32, scale: 1, zero_point: 0
input: attention_mask, [1, 1, 1, 2049], bfloat16, scale: 1, zero_point: 0
input: history_k, [1, 2048, 2, 256], bfloat16, scale: 1, zero_point: 0
input: history_v, [1, 2048, 2, 256], bfloat16, scale: 1, zero_point: 0
output: output_states, [1, 1, 2048], bfloat16, scale: 1, zero_point: 0
output: k_cache, [1, 1, 2, 256], bfloat16, scale: 1, zero_point: 0
output: v_cache, [1, 1, 2, 256], bfloat16, scale: 1, zero_point: 0
==========================================
net 14: [block_cache_12]  static
addr mode: 1
------------
stage 0, core num: 1
input: input_states, [1, 1, 2048], bfloat16, scale: 1, zero_point: 0
input: conv_state, [1, 6144, 4], bfloat16, scale: 1, zero_point: 0
input: recurrent_state, [1, 16, 128, 128], bfloat16, scale: 1, zero_point: 0
output: output_states, [1, 1, 2048], bfloat16, scale: 1, zero_point: 0
output: model.language_model.layers.12.linear_attn.conv1d.concat, [1, 6144, 4], bfloat16, scale: 1, zero_point: 0
==========================================
net 15: [block_cache_13]  static
addr mode: 1
------------
stage 0, core num: 1
input: input_states, [1, 1, 2048], bfloat16, scale: 1, zero_point: 0
input: conv_state, [1, 6144, 4], bfloat16, scale: 1, zero_point: 0
input: recurrent_state, [1, 16, 128, 128], bfloat16, scale: 1, zero_point: 0
output: output_states, [1, 1, 2048], bfloat16, scale: 1, zero_point: 0
output: model.language_model.layers.13.linear_attn.conv1d.concat, [1, 6144, 4], bfloat16, scale: 1, zero_point: 0
==========================================
net 16: [block_cache_14]  static
addr mode: 1
------------
stage 0, core num: 1
input: input_states, [1, 1, 2048], bfloat16, scale: 1, zero_point: 0
input: conv_state, [1, 6144, 4], bfloat16, scale: 1, zero_point: 0
input: recurrent_state, [1, 16, 128, 128], bfloat16, scale: 1, zero_point: 0
output: output_states, [1, 1, 2048], bfloat16, scale: 1, zero_point: 0
output: model.language_model.layers.14.linear_attn.conv1d.concat, [1, 6144, 4], bfloat16, scale: 1, zero_point: 0
==========================================
net 17: [block_cache_15]  static
addr mode: 1
------------
stage 0, core num: 1
input: input_states, [1, 1, 2048], bfloat16, scale: 1, zero_point: 0
input: position_ids, [3, 1], int32, scale: 1, zero_point: 0
input: attention_mask, [1, 1, 1, 2049], bfloat16, scale: 1, zero_point: 0
input: history_k, [1, 2048, 2, 256], bfloat16, scale: 1, zero_point: 0
input: history_v, [1, 2048, 2, 256], bfloat16, scale: 1, zero_point: 0
output: output_states, [1, 1, 2048], bfloat16, scale: 1, zero_point: 0
output: k_cache, [1, 1, 2, 256], bfloat16, scale: 1, zero_point: 0
output: v_cache, [1, 1, 2, 256], bfloat16, scale: 1, zero_point: 0
==========================================
net 18: [block_cache_16]  static
addr mode: 1
------------
stage 0, core num: 1
input: input_states, [1, 1, 2048], bfloat16, scale: 1, zero_point: 0
input: conv_state, [1, 6144, 4], bfloat16, scale: 1, zero_point: 0
input: recurrent_state, [1, 16, 128, 128], bfloat16, scale: 1, zero_point: 0
output: output_states, [1, 1, 2048], bfloat16, scale: 1, zero_point: 0
output: model.language_model.layers.16.linear_attn.conv1d.concat, [1, 6144, 4], bfloat16, scale: 1, zero_point: 0
==========================================
net 19: [block_cache_17]  static
addr mode: 1
------------
stage 0, core num: 1
input: input_states, [1, 1, 2048], bfloat16, scale: 1, zero_point: 0
input: conv_state, [1, 6144, 4], bfloat16, scale: 1, zero_point: 0
input: recurrent_state, [1, 16, 128, 128], bfloat16, scale: 1, zero_point: 0
output: output_states, [1, 1, 2048], bfloat16, scale: 1, zero_point: 0
output: model.language_model.layers.17.linear_attn.conv1d.concat, [1, 6144, 4], bfloat16, scale: 1, zero_point: 0
==========================================
net 20: [block_cache_18]  static
addr mode: 1
------------
stage 0, core num: 1
input: input_states, [1, 1, 2048], bfloat16, scale: 1, zero_point: 0
input: conv_state, [1, 6144, 4], bfloat16, scale: 1, zero_point: 0
input: recurrent_state, [1, 16, 128, 128], bfloat16, scale: 1, zero_point: 0
output: output_states, [1, 1, 2048], bfloat16, scale: 1, zero_point: 0
output: model.language_model.layers.18.linear_attn.conv1d.concat, [1, 6144, 4], bfloat16, scale: 1, zero_point: 0
==========================================
net 21: [block_cache_19]  static
addr mode: 1
------------
stage 0, core num: 1
input: input_states, [1, 1, 2048], bfloat16, scale: 1, zero_point: 0
input: position_ids, [3, 1], int32, scale: 1, zero_point: 0
input: attention_mask, [1, 1, 1, 2049], bfloat16, scale: 1, zero_point: 0
input: history_k, [1, 2048, 2, 256], bfloat16, scale: 1, zero_point: 0
input: history_v, [1, 2048, 2, 256], bfloat16, scale: 1, zero_point: 0
output: output_states, [1, 1, 2048], bfloat16, scale: 1, zero_point: 0
output: k_cache, [1, 1, 2, 256], bfloat16, scale: 1, zero_point: 0
output: v_cache, [1, 1, 2, 256], bfloat16, scale: 1, zero_point: 0
==========================================
net 22: [block_cache_20]  static
addr mode: 1
------------
stage 0, core num: 1
input: input_states, [1, 1, 2048], bfloat16, scale: 1, zero_point: 0
input: conv_state, [1, 6144, 4], bfloat16, scale: 1, zero_point: 0
input: recurrent_state, [1, 16, 128, 128], bfloat16, scale: 1, zero_point: 0
output: output_states, [1, 1, 2048], bfloat16, scale: 1, zero_point: 0
output: model.language_model.layers.20.linear_attn.conv1d.concat, [1, 6144, 4], bfloat16, scale: 1, zero_point: 0
==========================================
net 23: [block_cache_21]  static
addr mode: 1
------------
stage 0, core num: 1
input: input_states, [1, 1, 2048], bfloat16, scale: 1, zero_point: 0
input: conv_state, [1, 6144, 4], bfloat16, scale: 1, zero_point: 0
input: recurrent_state, [1, 16, 128, 128], bfloat16, scale: 1, zero_point: 0
output: output_states, [1, 1, 2048], bfloat16, scale: 1, zero_point: 0
output: model.language_model.layers.21.linear_attn.conv1d.concat, [1, 6144, 4], bfloat16, scale: 1, zero_point: 0
==========================================
net 24: [block_cache_22]  static
addr mode: 1
------------
stage 0, core num: 1
input: input_states, [1, 1, 2048], bfloat16, scale: 1, zero_point: 0
input: conv_state, [1, 6144, 4], bfloat16, scale: 1, zero_point: 0
input: recurrent_state, [1, 16, 128, 128], bfloat16, scale: 1, zero_point: 0
output: output_states, [1, 1, 2048], bfloat16, scale: 1, zero_point: 0
output: model.language_model.layers.22.linear_attn.conv1d.concat, [1, 6144, 4], bfloat16, scale: 1, zero_point: 0
==========================================
net 25: [block_cache_23]  static
addr mode: 1
------------
stage 0, core num: 1
input: input_states, [1, 1, 2048], bfloat16, scale: 1, zero_point: 0
input: position_ids, [3, 1], int32, scale: 1, zero_point: 0
input: attention_mask, [1, 1, 1, 2049], bfloat16, scale: 1, zero_point: 0
input: history_k, [1, 2048, 2, 256], bfloat16, scale: 1, zero_point: 0
input: history_v, [1, 2048, 2, 256], bfloat16, scale: 1, zero_point: 0
output: output_states, [1, 1, 2048], bfloat16, scale: 1, zero_point: 0
output: k_cache, [1, 1, 2, 256], bfloat16, scale: 1, zero_point: 0
output: v_cache, [1, 1, 2, 256], bfloat16, scale: 1, zero_point: 0
==========================================
net 26: [embedding_cache]  static
------------
stage 0, core num: 1
input: input_ids, [1, 1], int32, scale: 1, zero_point: 0
output: embedding_cache, [1, 1, 2048], bfloat16, scale: 1, zero_point: 0
==========================================
net 27: [lm_head]  static
------------
stage 0, core num: 1
subnet number: 2
input: hidden_states, [1, 2048], bfloat16, scale: 1, zero_point: 0
output: token_id, [1, 1], int32, scale: 1, zero_point: 0
==========================================
net 28: [block_0]  dynamic
------------
stage 0, core num: 1
input: input_states, [max:1, max:1024, max:2048], bfloat16, scale: 1, zero_point: 0
input: recurrent_states, [max:1, max:16, max:128, max:128], bfloat16, scale: 1, zero_point: 0
output: output_states, [1, 1024, 2048], bfloat16, scale: 1, zero_point: 0
output: conv_states, [1, 6144, 4], bfloat16, scale: 1, zero_point: 0
==========================================
net 29: [block_1]  dynamic
------------
stage 0, core num: 1
input: input_states, [max:1, max:1024, max:2048], bfloat16, scale: 1, zero_point: 0
input: recurrent_states, [max:1, max:16, max:128, max:128], bfloat16, scale: 1, zero_point: 0
output: output_states, [1, 1024, 2048], bfloat16, scale: 1, zero_point: 0
output: conv_states, [1, 6144, 4], bfloat16, scale: 1, zero_point: 0
==========================================
net 30: [block_2]  dynamic
------------
stage 0, core num: 1
input: input_states, [max:1, max:1024, max:2048], bfloat16, scale: 1, zero_point: 0
input: recurrent_states, [max:1, max:16, max:128, max:128], bfloat16, scale: 1, zero_point: 0
output: output_states, [1, 1024, 2048], bfloat16, scale: 1, zero_point: 0
output: conv_states, [1, 6144, 4], bfloat16, scale: 1, zero_point: 0
==========================================
net 31: [block_3]  dynamic
------------
stage 0, core num: 1
input: input_states, [max:1, max:1024, max:2048], bfloat16, scale: 1, zero_point: 0
input: position_ids, [max:3, max:1024], int32, scale: 1, zero_point: 0
input: attention_mask, [max:1, max:1, max:1024, max:1024], bfloat16, scale: 1, zero_point: 0
output: output_states, [1, 1024, 2048], bfloat16, scale: 1, zero_point: 0
output: k_cache, [1, 1024, 2, 256], bfloat16, scale: 1, zero_point: 0
output: v_cache, [1, 1024, 2, 256], bfloat16, scale: 1, zero_point: 0
==========================================
net 32: [block_4]  dynamic
------------
stage 0, core num: 1
input: input_states, [max:1, max:1024, max:2048], bfloat16, scale: 1, zero_point: 0
input: recurrent_states, [max:1, max:16, max:128, max:128], bfloat16, scale: 1, zero_point: 0
output: output_states, [1, 1024, 2048], bfloat16, scale: 1, zero_point: 0
output: conv_states, [1, 6144, 4], bfloat16, scale: 1, zero_point: 0
==========================================
net 33: [block_5]  dynamic
------------
stage 0, core num: 1
input: input_states, [max:1, max:1024, max:2048], bfloat16, scale: 1, zero_point: 0
input: recurrent_states, [max:1, max:16, max:128, max:128], bfloat16, scale: 1, zero_point: 0
output: output_states, [1, 1024, 2048], bfloat16, scale: 1, zero_point: 0
output: conv_states, [1, 6144, 4], bfloat16, scale: 1, zero_point: 0
==========================================
net 34: [block_6]  dynamic
------------
stage 0, core num: 1
input: input_states, [max:1, max:1024, max:2048], bfloat16, scale: 1, zero_point: 0
input: recurrent_states, [max:1, max:16, max:128, max:128], bfloat16, scale: 1, zero_point: 0
output: output_states, [1, 1024, 2048], bfloat16, scale: 1, zero_point: 0
output: conv_states, [1, 6144, 4], bfloat16, scale: 1, zero_point: 0
==========================================
net 35: [block_7]  dynamic
------------
stage 0, core num: 1
input: input_states, [max:1, max:1024, max:2048], bfloat16, scale: 1, zero_point: 0
input: position_ids, [max:3, max:1024], int32, scale: 1, zero_point: 0
input: attention_mask, [max:1, max:1, max:1024, max:1024], bfloat16, scale: 1, zero_point: 0
output: output_states, [1, 1024, 2048], bfloat16, scale: 1, zero_point: 0
output: k_cache, [1, 1024, 2, 256], bfloat16, scale: 1, zero_point: 0
output: v_cache, [1, 1024, 2, 256], bfloat16, scale: 1, zero_point: 0
==========================================
net 36: [block_8]  dynamic
------------
stage 0, core num: 1
input: input_states, [max:1, max:1024, max:2048], bfloat16, scale: 1, zero_point: 0
input: recurrent_states, [max:1, max:16, max:128, max:128], bfloat16, scale: 1, zero_point: 0
output: output_states, [1, 1024, 2048], bfloat16, scale: 1, zero_point: 0
output: conv_states, [1, 6144, 4], bfloat16, scale: 1, zero_point: 0
==========================================
net 37: [block_9]  dynamic
------------
stage 0, core num: 1
input: input_states, [max:1, max:1024, max:2048], bfloat16, scale: 1, zero_point: 0
input: recurrent_states, [max:1, max:16, max:128, max:128], bfloat16, scale: 1, zero_point: 0
output: output_states, [1, 1024, 2048], bfloat16, scale: 1, zero_point: 0
output: conv_states, [1, 6144, 4], bfloat16, scale: 1, zero_point: 0
==========================================
net 38: [block_10]  dynamic
------------
stage 0, core num: 1
input: input_states, [max:1, max:1024, max:2048], bfloat16, scale: 1, zero_point: 0
input: recurrent_states, [max:1, max:16, max:128, max:128], bfloat16, scale: 1, zero_point: 0
output: output_states, [1, 1024, 2048], bfloat16, scale: 1, zero_point: 0
output: conv_states, [1, 6144, 4], bfloat16, scale: 1, zero_point: 0
==========================================
net 39: [block_11]  dynamic
------------
stage 0, core num: 1
input: input_states, [max:1, max:1024, max:2048], bfloat16, scale: 1, zero_point: 0
input: position_ids, [max:3, max:1024], int32, scale: 1, zero_point: 0
input: attention_mask, [max:1, max:1, max:1024, max:1024], bfloat16, scale: 1, zero_point: 0
output: output_states, [1, 1024, 2048], bfloat16, scale: 1, zero_point: 0
output: k_cache, [1, 1024, 2, 256], bfloat16, scale: 1, zero_point: 0
output: v_cache, [1, 1024, 2, 256], bfloat16, scale: 1, zero_point: 0
==========================================
net 40: [block_12]  dynamic
------------
stage 0, core num: 1
input: input_states, [max:1, max:1024, max:2048], bfloat16, scale: 1, zero_point: 0
input: recurrent_states, [max:1, max:16, max:128, max:128], bfloat16, scale: 1, zero_point: 0
output: output_states, [1, 1024, 2048], bfloat16, scale: 1, zero_point: 0
output: conv_states, [1, 6144, 4], bfloat16, scale: 1, zero_point: 0
==========================================
net 41: [block_13]  dynamic
------------
stage 0, core num: 1
input: input_states, [max:1, max:1024, max:2048], bfloat16, scale: 1, zero_point: 0
input: recurrent_states, [max:1, max:16, max:128, max:128], bfloat16, scale: 1, zero_point: 0
output: output_states, [1, 1024, 2048], bfloat16, scale: 1, zero_point: 0
output: conv_states, [1, 6144, 4], bfloat16, scale: 1, zero_point: 0
==========================================
net 42: [block_14]  dynamic
------------
stage 0, core num: 1
input: input_states, [max:1, max:1024, max:2048], bfloat16, scale: 1, zero_point: 0
input: recurrent_states, [max:1, max:16, max:128, max:128], bfloat16, scale: 1, zero_point: 0
output: output_states, [1, 1024, 2048], bfloat16, scale: 1, zero_point: 0
output: conv_states, [1, 6144, 4], bfloat16, scale: 1, zero_point: 0
==========================================
net 43: [block_15]  dynamic
------------
stage 0, core num: 1
input: input_states, [max:1, max:1024, max:2048], bfloat16, scale: 1, zero_point: 0
input: position_ids, [max:3, max:1024], int32, scale: 1, zero_point: 0
input: attention_mask, [max:1, max:1, max:1024, max:1024], bfloat16, scale: 1, zero_point: 0
output: output_states, [1, 1024, 2048], bfloat16, scale: 1, zero_point: 0
output: k_cache, [1, 1024, 2, 256], bfloat16, scale: 1, zero_point: 0
output: v_cache, [1, 1024, 2, 256], bfloat16, scale: 1, zero_point: 0
==========================================
net 44: [block_16]  dynamic
------------
stage 0, core num: 1
input: input_states, [max:1, max:1024, max:2048], bfloat16, scale: 1, zero_point: 0
input: recurrent_states, [max:1, max:16, max:128, max:128], bfloat16, scale: 1, zero_point: 0
output: output_states, [1, 1024, 2048], bfloat16, scale: 1, zero_point: 0
output: conv_states, [1, 6144, 4], bfloat16, scale: 1, zero_point: 0
==========================================
net 45: [block_17]  dynamic
------------
stage 0, core num: 1
input: input_states, [max:1, max:1024, max:2048], bfloat16, scale: 1, zero_point: 0
input: recurrent_states, [max:1, max:16, max:128, max:128], bfloat16, scale: 1, zero_point: 0
output: output_states, [1, 1024, 2048], bfloat16, scale: 1, zero_point: 0
output: conv_states, [1, 6144, 4], bfloat16, scale: 1, zero_point: 0
==========================================
net 46: [block_18]  dynamic
------------
stage 0, core num: 1
input: input_states, [max:1, max:1024, max:2048], bfloat16, scale: 1, zero_point: 0
input: recurrent_states, [max:1, max:16, max:128, max:128], bfloat16, scale: 1, zero_point: 0
output: output_states, [1, 1024, 2048], bfloat16, scale: 1, zero_point: 0
output: conv_states, [1, 6144, 4], bfloat16, scale: 1, zero_point: 0
==========================================
net 47: [block_19]  dynamic
------------
stage 0, core num: 1
input: input_states, [max:1, max:1024, max:2048], bfloat16, scale: 1, zero_point: 0
input: position_ids, [max:3, max:1024], int32, scale: 1, zero_point: 0
input: attention_mask, [max:1, max:1, max:1024, max:1024], bfloat16, scale: 1, zero_point: 0
output: output_states, [1, 1024, 2048], bfloat16, scale: 1, zero_point: 0
output: k_cache, [1, 1024, 2, 256], bfloat16, scale: 1, zero_point: 0
output: v_cache, [1, 1024, 2, 256], bfloat16, scale: 1, zero_point: 0
==========================================
net 48: [block_20]  dynamic
------------
stage 0, core num: 1
input: input_states, [max:1, max:1024, max:2048], bfloat16, scale: 1, zero_point: 0
input: recurrent_states, [max:1, max:16, max:128, max:128], bfloat16, scale: 1, zero_point: 0
output: output_states, [1, 1024, 2048], bfloat16, scale: 1, zero_point: 0
output: conv_states, [1, 6144, 4], bfloat16, scale: 1, zero_point: 0
==========================================
net 49: [block_21]  dynamic
------------
stage 0, core num: 1
input: input_states, [max:1, max:1024, max:2048], bfloat16, scale: 1, zero_point: 0
input: recurrent_states, [max:1, max:16, max:128, max:128], bfloat16, scale: 1, zero_point: 0
output: output_states, [1, 1024, 2048], bfloat16, scale: 1, zero_point: 0
output: conv_states, [1, 6144, 4], bfloat16, scale: 1, zero_point: 0
==========================================
net 50: [block_22]  dynamic
------------
stage 0, core num: 1
input: input_states, [max:1, max:1024, max:2048], bfloat16, scale: 1, zero_point: 0
input: recurrent_states, [max:1, max:16, max:128, max:128], bfloat16, scale: 1, zero_point: 0
output: output_states, [1, 1024, 2048], bfloat16, scale: 1, zero_point: 0
output: conv_states, [1, 6144, 4], bfloat16, scale: 1, zero_point: 0
==========================================
net 51: [block_23]  dynamic
------------
stage 0, core num: 1
input: input_states, [max:1, max:1024, max:2048], bfloat16, scale: 1, zero_point: 0
input: position_ids, [max:3, max:1024], int32, scale: 1, zero_point: 0
input: attention_mask, [max:1, max:1, max:1024, max:1024], bfloat16, scale: 1, zero_point: 0
output: output_states, [1, 1024, 2048], bfloat16, scale: 1, zero_point: 0
output: k_cache, [1, 1024, 2, 256], bfloat16, scale: 1, zero_point: 0
output: v_cache, [1, 1024, 2, 256], bfloat16, scale: 1, zero_point: 0

device mem size: 2502346784 (weight: 2404388864, instruct: 2312224, runtime: 95645696)
host mem size: 0 (weight: 0, runtime: 0)
estimated SoC CPU peak: 11300928
estimated PCIE CPU peak: 17506304
bmodel is 4k aligned
